Matrix Size: 10

0.046460

0.001385
Matrix Size: 10

0.026206

0.001374
Matrix Size: 10

0.032084

0.005815
Matrix Size: 50

0.036111

0.002230
Matrix Size: 50

0.034521

0.001669
Matrix Size: 50

0.030554

0.001728
Matrix Size: 100

0.034432

0.002911
Matrix Size: 100

0.034425

0.002669
Matrix Size: 100

0.034961

0.002658
Matrix Size: 500

0.077282

0.029523
Matrix Size: 500

0.076708

0.032298
Matrix Size: 500

0.078950

0.032499
Matrix Size: 1000

0.361794

0.191063
Matrix Size: 1000

0.360793

0.191183
Matrix Size: 1000

0.358435

0.200218
Matrix Size: 5000

6.584583

3.795019
Matrix Size: 5000

6.592804

3.798261
Matrix Size: 5000

6.585476

3.803761
Matrix Size: 10000

25.304887

14.648018
Matrix Size: 10000

25.313735

14.638464
Matrix Size: 10000

25.324133

14.643293
Matrix Size: 10

0.039478

0.003769
Matrix Size: 10

0.030124

0.001377
Matrix Size: 10

0.026046

0.004888
Matrix Size: 50

0.034950

0.002231
Matrix Size: 50

0.034401

0.002259
Matrix Size: 50

0.033685

0.002042
Matrix Size: 100

0.065703

0.002729
Matrix Size: 100

0.034406

0.002677
Matrix Size: 100

0.033681

0.002749
Matrix Size: 500

0.077344

0.032809
Matrix Size: 500

0.079366

0.034168
Matrix Size: 500

0.079890

0.033779
Matrix Size: 1000

0.359693

0.189623
Matrix Size: 1000

0.358527

0.191436
Matrix Size: 1000

0.359684

0.192075
Matrix Size: 5000

6.582923

3.800933
Matrix Size: 5000

6.590106

3.797504
Matrix Size: 5000

6.591307

3.815107
Matrix Size: 10000

25.315869

14.636828
Matrix Size: 10000

25.323154

14.646511
Matrix Size: 10000

25.315080

14.621383
